{"meta": {"format": 3, "version": "7.8.0", "timestamp": "2025-04-27T22:52:05.172310", "branch_coverage": false, "show_contexts": false}, "files": {"src/mosek_tools/__init__.py": {"executed_lines": [0], "summary": {"covered_lines": 0, "num_statements": 0, "percent_covered": 100.0, "percent_covered_display": "100", "missing_lines": 0, "excluded_lines": 0}, "missing_lines": [], "excluded_lines": [], "functions": {"": {"executed_lines": [], "summary": {"covered_lines": 0, "num_statements": 0, "percent_covered": 100.0, "percent_covered_display": "100", "missing_lines": 0, "excluded_lines": 0}, "missing_lines": [], "excluded_lines": []}}, "classes": {"": {"executed_lines": [], "summary": {"covered_lines": 0, "num_statements": 0, "percent_covered": 100.0, "percent_covered_display": "100", "missing_lines": 0, "excluded_lines": 0}, "missing_lines": [], "excluded_lines": []}}}, "src/mosek_tools/solver.py": {"executed_lines": [1, 3, 5, 6, 9, 10, 21, 25, 32, 36, 40, 50, 65, 79, 94, 104, 108, 113, 118, 140, 164, 197, 216, 237, 256], "summary": {"covered_lines": 25, "num_statements": 104, "percent_covered": 24.03846153846154, "percent_covered_display": "24", "missing_lines": 79, "excluded_lines": 0}, "missing_lines": [17, 18, 22, 29, 33, 37, 41, 44, 45, 47, 62, 74, 75, 76, 89, 90, 91, 95, 98, 99, 101, 105, 109, 110, 114, 115, 124, 125, 128, 130, 133, 135, 137, 147, 149, 152, 154, 157, 159, 161, 171, 173, 176, 179, 182, 184, 185, 187, 190, 192, 194, 202, 203, 206, 207, 209, 211, 213, 218, 220, 223, 227, 230, 232, 234, 239, 241, 243, 246, 248, 252, 253, 269, 272, 274, 276, 279, 281, 283], "excluded_lines": [], "functions": {"create_model": {"executed_lines": [], "summary": {"covered_lines": 0, "num_statements": 2, "percent_covered": 0.0, "percent_covered_display": "0", "missing_lines": 2, "excluded_lines": 0}, "missing_lines": [17, 18], "excluded_lines": []}, "__sum_weighted": {"executed_lines": [], "summary": {"covered_lines": 0, "num_statements": 1, "percent_covered": 0.0, "percent_covered_display": "0", "missing_lines": 1, "excluded_lines": 0}, "missing_lines": [22], "excluded_lines": []}, "__residual": {"executed_lines": [], "summary": {"covered_lines": 0, "num_statements": 1, "percent_covered": 0.0, "percent_covered_display": "0", "missing_lines": 1, "excluded_lines": 0}, "missing_lines": [29], "excluded_lines": []}, "__quad_cone": {"executed_lines": [], "summary": {"covered_lines": 0, "num_statements": 1, "percent_covered": 0.0, "percent_covered_display": "0", "missing_lines": 1, "excluded_lines": 0}, "missing_lines": [33], "excluded_lines": []}, "__rotated_quad_cone": {"executed_lines": [], "summary": {"covered_lines": 0, "num_statements": 1, "percent_covered": 0.0, "percent_covered_display": "0", "missing_lines": 1, "excluded_lines": 0}, "missing_lines": [37], "excluded_lines": []}, "__absolute": {"executed_lines": [], "summary": {"covered_lines": 0, "num_statements": 4, "percent_covered": 0.0, "percent_covered_display": "0", "missing_lines": 4, "excluded_lines": 0}, "missing_lines": [41, 44, 45, 47], "excluded_lines": []}, "__l1_norm": {"executed_lines": [], "summary": {"covered_lines": 0, "num_statements": 1, "percent_covered": 0.0, "percent_covered_display": "0", "missing_lines": 1, "excluded_lines": 0}, "missing_lines": [62], "excluded_lines": []}, "__l2_norm": {"executed_lines": [], "summary": {"covered_lines": 0, "num_statements": 3, "percent_covered": 0.0, "percent_covered_display": "0", "missing_lines": 3, "excluded_lines": 0}, "missing_lines": [74, 75, 76], "excluded_lines": []}, "__l2_norm_squared": {"executed_lines": [], "summary": {"covered_lines": 0, "num_statements": 3, "percent_covered": 0.0, "percent_covered_display": "0", "missing_lines": 3, "excluded_lines": 0}, "missing_lines": [89, 90, 91], "excluded_lines": []}, "__linfty_norm": {"executed_lines": [], "summary": {"covered_lines": 0, "num_statements": 4, "percent_covered": 0.0, "percent_covered_display": "0", "missing_lines": 4, "excluded_lines": 0}, "missing_lines": [95, 98, 99, 101], "excluded_lines": []}, "__mat_vec_prod": {"executed_lines": [], "summary": {"covered_lines": 0, "num_statements": 1, "percent_covered": 0.0, "percent_covered_display": "0", "missing_lines": 1, "excluded_lines": 0}, "missing_lines": [105], "excluded_lines": []}, "__stdev": {"executed_lines": [], "summary": {"covered_lines": 0, "num_statements": 2, "percent_covered": 0.0, "percent_covered_display": "0", "missing_lines": 2, "excluded_lines": 0}, "missing_lines": [109, 110], "excluded_lines": []}, "__variance": {"executed_lines": [], "summary": {"covered_lines": 0, "num_statements": 2, "percent_covered": 0.0, "percent_covered_display": "0", "missing_lines": 2, "excluded_lines": 0}, "missing_lines": [114, 115], "excluded_lines": []}, "lsq_ls": {"executed_lines": [], "summary": {"covered_lines": 0, "num_statements": 7, "percent_covered": 0.0, "percent_covered_display": "0", "missing_lines": 7, "excluded_lines": 0}, "missing_lines": [124, 125, 128, 130, 133, 135, 137], "excluded_lines": []}, "lsq_pos": {"executed_lines": [], "summary": {"covered_lines": 0, "num_statements": 7, "percent_covered": 0.0, "percent_covered_display": "0", "missing_lines": 7, "excluded_lines": 0}, "missing_lines": [147, 149, 152, 154, 157, 159, 161], "excluded_lines": []}, "lsq_pos_l1_penalty": {"executed_lines": [], "summary": {"covered_lines": 0, "num_statements": 11, "percent_covered": 0.0, "percent_covered_display": "0", "missing_lines": 11, "excluded_lines": 0}, "missing_lines": [171, 173, 176, 179, 182, 184, 185, 187, 190, 192, 194], "excluded_lines": []}, "lasso": {"executed_lines": [], "summary": {"covered_lines": 0, "num_statements": 7, "percent_covered": 0.0, "percent_covered_display": "0", "missing_lines": 7, "excluded_lines": 0}, "missing_lines": [202, 203, 206, 207, 209, 211, 213], "excluded_lines": []}, "markowitz_riskobjective": {"executed_lines": [], "summary": {"covered_lines": 0, "num_statements": 7, "percent_covered": 0.0, "percent_covered_display": "0", "missing_lines": 7, "excluded_lines": 0}, "missing_lines": [218, 220, 223, 227, 230, 232, 234], "excluded_lines": []}, "markowitz": {"executed_lines": [], "summary": {"covered_lines": 0, "num_statements": 7, "percent_covered": 0.0, "percent_covered_display": "0", "missing_lines": 7, "excluded_lines": 0}, "missing_lines": [239, 241, 243, 246, 248, 252, 253], "excluded_lines": []}, "minimum_variance": {"executed_lines": [], "summary": {"covered_lines": 0, "num_statements": 7, "percent_covered": 0.0, "percent_covered_display": "0", "missing_lines": 7, "excluded_lines": 0}, "missing_lines": [269, 272, 274, 276, 279, 281, 283], "excluded_lines": []}, "": {"executed_lines": [1, 3, 5, 6, 9, 10, 21, 25, 32, 36, 40, 50, 65, 79, 94, 104, 108, 113, 118, 140, 164, 197, 216, 237, 256], "summary": {"covered_lines": 25, "num_statements": 25, "percent_covered": 100.0, "percent_covered_display": "100", "missing_lines": 0, "excluded_lines": 0}, "missing_lines": [], "excluded_lines": []}}, "classes": {"": {"executed_lines": [1, 3, 5, 6, 9, 10, 21, 25, 32, 36, 40, 50, 65, 79, 94, 104, 108, 113, 118, 140, 164, 197, 216, 237, 256], "summary": {"covered_lines": 25, "num_statements": 104, "percent_covered": 24.03846153846154, "percent_covered_display": "24", "missing_lines": 79, "excluded_lines": 0}, "missing_lines": [17, 18, 22, 29, 33, 37, 41, 44, 45, 47, 62, 74, 75, 76, 89, 90, 91, 95, 98, 99, 101, 105, 109, 110, 114, 115, 124, 125, 128, 130, 133, 135, 137, 147, 149, 152, 154, 157, 159, 161, 171, 173, 176, 179, 182, 184, 185, 187, 190, 192, 194, 202, 203, 206, 207, 209, 211, 213, 218, 220, 223, 227, 230, 232, 234, 239, 241, 243, 246, 248, 252, 253, 269, 272, 274, 276, 279, 281, 283], "excluded_lines": []}}}}, "totals": {"covered_lines": 25, "num_statements": 104, "percent_covered": 24.03846153846154, "percent_covered_display": "24", "missing_lines": 79, "excluded_lines": 0}}