SF:src/mosek_tools/__init__.py
end_of_record
SF:src/mosek_tools/solver.py
DA:1,1
DA:3,1
DA:5,1
DA:6,1
DA:9,1
DA:10,1
DA:17,0
DA:18,0
DA:21,1
DA:22,0
DA:25,1
DA:29,0
DA:32,1
DA:33,0
DA:36,1
DA:37,0
DA:40,1
DA:41,0
DA:44,0
DA:45,0
DA:47,0
DA:50,1
DA:62,0
DA:65,1
DA:74,0
DA:75,0
DA:76,0
DA:79,1
DA:89,0
DA:90,0
DA:91,0
DA:94,1
DA:95,0
DA:98,0
DA:99,0
DA:101,0
DA:104,1
DA:105,0
DA:108,1
DA:109,0
DA:110,0
DA:113,1
DA:114,0
DA:115,0
DA:118,1
DA:124,0
DA:125,0
DA:128,0
DA:130,0
DA:133,0
DA:135,0
DA:137,0
DA:140,1
DA:147,0
DA:149,0
DA:152,0
DA:154,0
DA:157,0
DA:159,0
DA:161,0
DA:164,1
DA:171,0
DA:173,0
DA:176,0
DA:179,0
DA:182,0
DA:184,0
DA:185,0
DA:187,0
DA:190,0
DA:192,0
DA:194,0
DA:197,1
DA:202,0
DA:203,0
DA:206,0
DA:207,0
DA:209,0
DA:211,0
DA:213,0
DA:216,1
DA:218,0
DA:220,0
DA:223,0
DA:227,0
DA:230,0
DA:232,0
DA:234,0
DA:237,1
DA:239,0
DA:241,0
DA:243,0
DA:246,0
DA:248,0
DA:252,0
DA:253,0
DA:256,1
DA:269,0
DA:272,0
DA:274,0
DA:276,0
DA:279,0
DA:281,0
DA:283,0
LF:104
LH:25
FN:10,18,create_model
FNDA:0,create_model
FN:21,22,__sum_weighted
FNDA:0,__sum_weighted
FN:25,29,__residual
FNDA:0,__residual
FN:32,33,__quad_cone
FNDA:0,__quad_cone
FN:36,37,__rotated_quad_cone
FNDA:0,__rotated_quad_cone
FN:40,47,__absolute
FNDA:0,__absolute
FN:50,62,__l1_norm
FNDA:0,__l1_norm
FN:65,76,__l2_norm
FNDA:0,__l2_norm
FN:79,91,__l2_norm_squared
FNDA:0,__l2_norm_squared
FN:94,101,__linfty_norm
FNDA:0,__linfty_norm
FN:104,105,__mat_vec_prod
FNDA:0,__mat_vec_prod
FN:108,110,__stdev
FNDA:0,__stdev
FN:113,115,__variance
FNDA:0,__variance
FN:118,137,lsq_ls
FNDA:0,lsq_ls
FN:140,161,lsq_pos
FNDA:0,lsq_pos
FN:164,194,lsq_pos_l1_penalty
FNDA:0,lsq_pos_l1_penalty
FN:197,213,lasso
FNDA:0,lasso
FN:216,234,markowitz_riskobjective
FNDA:0,markowitz_riskobjective
FN:237,253,markowitz
FNDA:0,markowitz
FN:256,283,minimum_variance
FNDA:0,minimum_variance
FNF:20
FNH:0
end_of_record
