{"meta": {"format": 3, "version": "7.6.10", "timestamp": "2025-02-02T04:01:07.709960", "branch_coverage": false, "show_contexts": false}, "files": {"src/mosek_tools/__init__.py": {"executed_lines": [], "summary": {"covered_lines": 0, "num_statements": 0, "percent_covered": 100.0, "percent_covered_display": "100", "missing_lines": 0, "excluded_lines": 0}, "missing_lines": [], "excluded_lines": [], "functions": {"": {"executed_lines": [], "summary": {"covered_lines": 0, "num_statements": 0, "percent_covered": 100.0, "percent_covered_display": "100", "missing_lines": 0, "excluded_lines": 0}, "missing_lines": [], "excluded_lines": []}}, "classes": {"": {"executed_lines": [], "summary": {"covered_lines": 0, "num_statements": 0, "percent_covered": 100.0, "percent_covered_display": "100", "missing_lines": 0, "excluded_lines": 0}, "missing_lines": [], "excluded_lines": []}}}, "src/mosek_tools/solver.py": {"executed_lines": [], "summary": {"covered_lines": 0, "num_statements": 99, "percent_covered": 0.0, "percent_covered_display": "0", "missing_lines": 99, "excluded_lines": 0}, "missing_lines": [1, 3, 4, 7, 8, 11, 15, 18, 19, 22, 23, 26, 27, 30, 31, 33, 36, 48, 51, 60, 61, 62, 65, 75, 76, 77, 80, 81, 84, 85, 87, 90, 91, 94, 95, 96, 99, 100, 101, 104, 110, 111, 114, 116, 119, 121, 123, 126, 133, 135, 138, 140, 143, 145, 147, 150, 157, 159, 162, 165, 168, 170, 171, 173, 176, 178, 180, 183, 188, 189, 192, 193, 195, 197, 199, 202, 204, 206, 209, 213, 216, 218, 220, 223, 225, 227, 229, 232, 234, 238, 239, 242, 255, 258, 260, 262, 265, 267, 269], "excluded_lines": [], "functions": {"__sum_weighted": {"executed_lines": [], "summary": {"covered_lines": 0, "num_statements": 1, "percent_covered": 0.0, "percent_covered_display": "0", "missing_lines": 1, "excluded_lines": 0}, "missing_lines": [8], "excluded_lines": []}, "__residual": {"executed_lines": [], "summary": {"covered_lines": 0, "num_statements": 1, "percent_covered": 0.0, "percent_covered_display": "0", "missing_lines": 1, "excluded_lines": 0}, "missing_lines": [15], "excluded_lines": []}, "__quad_cone": {"executed_lines": [], "summary": {"covered_lines": 0, "num_statements": 1, "percent_covered": 0.0, "percent_covered_display": "0", "missing_lines": 1, "excluded_lines": 0}, "missing_lines": [19], "excluded_lines": []}, "__rotated_quad_cone": {"executed_lines": [], "summary": {"covered_lines": 0, "num_statements": 1, "percent_covered": 0.0, "percent_covered_display": "0", "missing_lines": 1, "excluded_lines": 0}, "missing_lines": [23], "excluded_lines": []}, "__absolute": {"executed_lines": [], "summary": {"covered_lines": 0, "num_statements": 4, "percent_covered": 0.0, "percent_covered_display": "0", "missing_lines": 4, "excluded_lines": 0}, "missing_lines": [27, 30, 31, 33], "excluded_lines": []}, "__l1_norm": {"executed_lines": [], "summary": {"covered_lines": 0, "num_statements": 1, "percent_covered": 0.0, "percent_covered_display": "0", "missing_lines": 1, "excluded_lines": 0}, "missing_lines": [48], "excluded_lines": []}, "__l2_norm": {"executed_lines": [], "summary": {"covered_lines": 0, "num_statements": 3, "percent_covered": 0.0, "percent_covered_display": "0", "missing_lines": 3, "excluded_lines": 0}, "missing_lines": [60, 61, 62], "excluded_lines": []}, "__l2_norm_squared": {"executed_lines": [], "summary": {"covered_lines": 0, "num_statements": 3, "percent_covered": 0.0, "percent_covered_display": "0", "missing_lines": 3, "excluded_lines": 0}, "missing_lines": [75, 76, 77], "excluded_lines": []}, "__linfty_norm": {"executed_lines": [], "summary": {"covered_lines": 0, "num_statements": 4, "percent_covered": 0.0, "percent_covered_display": "0", "missing_lines": 4, "excluded_lines": 0}, "missing_lines": [81, 84, 85, 87], "excluded_lines": []}, "__mat_vec_prod": {"executed_lines": [], "summary": {"covered_lines": 0, "num_statements": 1, "percent_covered": 0.0, "percent_covered_display": "0", "missing_lines": 1, "excluded_lines": 0}, "missing_lines": [91], "excluded_lines": []}, "__stdev": {"executed_lines": [], "summary": {"covered_lines": 0, "num_statements": 2, "percent_covered": 0.0, "percent_covered_display": "0", "missing_lines": 2, "excluded_lines": 0}, "missing_lines": [95, 96], "excluded_lines": []}, "__variance": {"executed_lines": [], "summary": {"covered_lines": 0, "num_statements": 2, "percent_covered": 0.0, "percent_covered_display": "0", "missing_lines": 2, "excluded_lines": 0}, "missing_lines": [100, 101], "excluded_lines": []}, "lsq_ls": {"executed_lines": [], "summary": {"covered_lines": 0, "num_statements": 7, "percent_covered": 0.0, "percent_covered_display": "0", "missing_lines": 7, "excluded_lines": 0}, "missing_lines": [110, 111, 114, 116, 119, 121, 123], "excluded_lines": []}, "lsq_pos": {"executed_lines": [], "summary": {"covered_lines": 0, "num_statements": 7, "percent_covered": 0.0, "percent_covered_display": "0", "missing_lines": 7, "excluded_lines": 0}, "missing_lines": [133, 135, 138, 140, 143, 145, 147], "excluded_lines": []}, "lsq_pos_l1_penalty": {"executed_lines": [], "summary": {"covered_lines": 0, "num_statements": 11, "percent_covered": 0.0, "percent_covered_display": "0", "missing_lines": 11, "excluded_lines": 0}, "missing_lines": [157, 159, 162, 165, 168, 170, 171, 173, 176, 178, 180], "excluded_lines": []}, "lasso": {"executed_lines": [], "summary": {"covered_lines": 0, "num_statements": 7, "percent_covered": 0.0, "percent_covered_display": "0", "missing_lines": 7, "excluded_lines": 0}, "missing_lines": [188, 189, 192, 193, 195, 197, 199], "excluded_lines": []}, "markowitz_riskobjective": {"executed_lines": [], "summary": {"covered_lines": 0, "num_statements": 7, "percent_covered": 0.0, "percent_covered_display": "0", "missing_lines": 7, "excluded_lines": 0}, "missing_lines": [204, 206, 209, 213, 216, 218, 220], "excluded_lines": []}, "markowitz": {"executed_lines": [], "summary": {"covered_lines": 0, "num_statements": 7, "percent_covered": 0.0, "percent_covered_display": "0", "missing_lines": 7, "excluded_lines": 0}, "missing_lines": [225, 227, 229, 232, 234, 238, 239], "excluded_lines": []}, "minimum_variance": {"executed_lines": [], "summary": {"covered_lines": 0, "num_statements": 7, "percent_covered": 0.0, "percent_covered_display": "0", "missing_lines": 7, "excluded_lines": 0}, "missing_lines": [255, 258, 260, 262, 265, 267, 269], "excluded_lines": []}, "": {"executed_lines": [], "summary": {"covered_lines": 0, "num_statements": 22, "percent_covered": 0.0, "percent_covered_display": "0", "missing_lines": 22, "excluded_lines": 0}, "missing_lines": [1, 3, 4, 7, 11, 18, 22, 26, 36, 51, 65, 80, 90, 94, 99, 104, 126, 150, 183, 202, 223, 242], "excluded_lines": []}}, "classes": {"": {"executed_lines": [], "summary": {"covered_lines": 0, "num_statements": 99, "percent_covered": 0.0, "percent_covered_display": "0", "missing_lines": 99, "excluded_lines": 0}, "missing_lines": [1, 3, 4, 7, 8, 11, 15, 18, 19, 22, 23, 26, 27, 30, 31, 33, 36, 48, 51, 60, 61, 62, 65, 75, 76, 77, 80, 81, 84, 85, 87, 90, 91, 94, 95, 96, 99, 100, 101, 104, 110, 111, 114, 116, 119, 121, 123, 126, 133, 135, 138, 140, 143, 145, 147, 150, 157, 159, 162, 165, 168, 170, 171, 173, 176, 178, 180, 183, 188, 189, 192, 193, 195, 197, 199, 202, 204, 206, 209, 213, 216, 218, 220, 223, 225, 227, 229, 232, 234, 238, 239, 242, 255, 258, 260, 262, 265, 267, 269], "excluded_lines": []}}}}, "totals": {"covered_lines": 0, "num_statements": 99, "percent_covered": 0.0, "percent_covered_display": "0", "missing_lines": 99, "excluded_lines": 0}}