SF:src/mosek_tools/__init__.py
end_of_record
SF:src/mosek_tools/solver.py
DA:14,0
DA:16,0
DA:17,0
DA:20,0
DA:21,0
DA:24,0
DA:28,0
DA:31,0
DA:32,0
DA:35,0
DA:36,0
DA:39,0
DA:40,0
DA:43,0
DA:44,0
DA:46,0
DA:49,0
DA:61,0
DA:64,0
DA:73,0
DA:74,0
DA:75,0
DA:78,0
DA:88,0
DA:89,0
DA:90,0
DA:93,0
DA:94,0
DA:97,0
DA:98,0
DA:100,0
DA:103,0
DA:104,0
DA:107,0
DA:108,0
DA:109,0
DA:112,0
DA:113,0
DA:114,0
DA:117,0
DA:123,0
DA:124,0
DA:127,0
DA:129,0
DA:132,0
DA:134,0
DA:136,0
DA:139,0
DA:146,0
DA:148,0
DA:151,0
DA:153,0
DA:156,0
DA:158,0
DA:160,0
DA:163,0
DA:170,0
DA:172,0
DA:175,0
DA:178,0
DA:181,0
DA:183,0
DA:184,0
DA:186,0
DA:189,0
DA:191,0
DA:193,0
DA:196,0
DA:201,0
DA:202,0
DA:205,0
DA:206,0
DA:208,0
DA:210,0
DA:212,0
DA:215,0
DA:217,0
DA:219,0
DA:222,0
DA:226,0
DA:229,0
DA:231,0
DA:233,0
DA:236,0
DA:238,0
DA:240,0
DA:242,0
DA:245,0
DA:247,0
DA:251,0
DA:252,0
DA:255,0
DA:268,0
DA:271,0
DA:273,0
DA:275,0
DA:278,0
DA:280,0
DA:282,0
LF:99
LH:0
FN:20,21,__sum_weighted
FNDA:0,__sum_weighted
FN:24,28,__residual
FNDA:0,__residual
FN:31,32,__quad_cone
FNDA:0,__quad_cone
FN:35,36,__rotated_quad_cone
FNDA:0,__rotated_quad_cone
FN:39,46,__absolute
FNDA:0,__absolute
FN:49,61,__l1_norm
FNDA:0,__l1_norm
FN:64,75,__l2_norm
FNDA:0,__l2_norm
FN:78,90,__l2_norm_squared
FNDA:0,__l2_norm_squared
FN:93,100,__linfty_norm
FNDA:0,__linfty_norm
FN:103,104,__mat_vec_prod
FNDA:0,__mat_vec_prod
FN:107,109,__stdev
FNDA:0,__stdev
FN:112,114,__variance
FNDA:0,__variance
FN:117,136,lsq_ls
FNDA:0,lsq_ls
FN:139,160,lsq_pos
FNDA:0,lsq_pos
FN:163,193,lsq_pos_l1_penalty
FNDA:0,lsq_pos_l1_penalty
FN:196,212,lasso
FNDA:0,lasso
FN:215,233,markowitz_riskobjective
FNDA:0,markowitz_riskobjective
FN:236,252,markowitz
FNDA:0,markowitz
FN:255,282,minimum_variance
FNDA:0,minimum_variance
FNF:19
FNH:0
end_of_record
